<?xml version="1.0" encoding="UTF-8"?>
<testsuite xmlns:xsi="http://www.w3.org/2001/XMLSchema-instance" xsi:noNamespaceSchemaLocation="https://maven.apache.org/surefire/maven-surefire-plugin/xsd/surefire-test-report.xsd" name="Users should be able to login" time="44.568" tests="1" errors="0" skipped="0" failures="1">
  <properties>
    <property name="sun.desktop" value="windows"/>
    <property name="awt.toolkit" value="sun.awt.windows.WToolkit"/>
    <property name="file.encoding.pkg" value="sun.io"/>
    <property name="java.specification.version" value="1.8"/>
    <property name="sun.cpu.isalist" value="amd64"/>
    <property name="sun.jnu.encoding" value="Cp1254"/>
    <property name="java.class.path" value="C:\Users\Eren\IdeaProjects\EU3CucumberSelenium\target\test-classes;C:\Users\Eren\IdeaProjects\EU3CucumberSelenium\target\classes;C:\Users\Eren\.m2\repository\com\github\javafaker\javafaker\1.0.2\javafaker-1.0.2.jar;C:\Users\Eren\.m2\repository\org\apache\commons\commons-lang3\3.5\commons-lang3-3.5.jar;C:\Users\Eren\.m2\repository\org\yaml\snakeyaml\1.23\snakeyaml-1.23-android.jar;C:\Users\Eren\.m2\repository\com\github\mifmif\generex\1.0.2\generex-1.0.2.jar;C:\Users\Eren\.m2\repository\dk\brics\automaton\automaton\1.11-8\automaton-1.11-8.jar;C:\Users\Eren\.m2\repository\org\seleniumhq\selenium\selenium-java\3.141.59\selenium-java-3.141.59.jar;C:\Users\Eren\.m2\repository\org\seleniumhq\selenium\selenium-api\3.141.59\selenium-api-3.141.59.jar;C:\Users\Eren\.m2\repository\org\seleniumhq\selenium\selenium-chrome-driver\3.141.59\selenium-chrome-driver-3.141.59.jar;C:\Users\Eren\.m2\repository\org\seleniumhq\selenium\selenium-edge-driver\3.141.59\selenium-edge-driver-3.141.59.jar;C:\Users\Eren\.m2\repository\org\seleniumhq\selenium\selenium-firefox-driver\3.141.59\selenium-firefox-driver-3.141.59.jar;C:\Users\Eren\.m2\repository\org\seleniumhq\selenium\selenium-ie-driver\3.141.59\selenium-ie-driver-3.141.59.jar;C:\Users\Eren\.m2\repository\org\seleniumhq\selenium\selenium-opera-driver\3.141.59\selenium-opera-driver-3.141.59.jar;C:\Users\Eren\.m2\repository\org\seleniumhq\selenium\selenium-remote-driver\3.141.59\selenium-remote-driver-3.141.59.jar;C:\Users\Eren\.m2\repository\org\seleniumhq\selenium\selenium-safari-driver\3.141.59\selenium-safari-driver-3.141.59.jar;C:\Users\Eren\.m2\repository\org\seleniumhq\selenium\selenium-support\3.141.59\selenium-support-3.141.59.jar;C:\Users\Eren\.m2\repository\net\bytebuddy\byte-buddy\1.8.15\byte-buddy-1.8.15.jar;C:\Users\Eren\.m2\repository\org\apache\commons\commons-exec\1.3\commons-exec-1.3.jar;C:\Users\Eren\.m2\repository\com\google\guava\guava\25.0-jre\guava-25.0-jre.jar;C:\Users\Eren\.m2\repository\com\google\code\findbugs\jsr305\1.3.9\jsr305-1.3.9.jar;C:\Users\Eren\.m2\repository\org\checkerframework\checker-compat-qual\2.0.0\checker-compat-qual-2.0.0.jar;C:\Users\Eren\.m2\repository\com\google\errorprone\error_prone_annotations\2.1.3\error_prone_annotations-2.1.3.jar;C:\Users\Eren\.m2\repository\com\google\j2objc\j2objc-annotations\1.1\j2objc-annotations-1.1.jar;C:\Users\Eren\.m2\repository\org\codehaus\mojo\animal-sniffer-annotations\1.14\animal-sniffer-annotations-1.14.jar;C:\Users\Eren\.m2\repository\com\squareup\okhttp3\okhttp\3.11.0\okhttp-3.11.0.jar;C:\Users\Eren\.m2\repository\com\squareup\okio\okio\1.14.0\okio-1.14.0.jar;C:\Users\Eren\.m2\repository\io\github\bonigarcia\webdrivermanager\4.1.0\webdrivermanager-4.1.0.jar;C:\Users\Eren\.m2\repository\org\slf4j\slf4j-api\1.7.30\slf4j-api-1.7.30.jar;C:\Users\Eren\.m2\repository\commons-io\commons-io\2.7\commons-io-2.7.jar;C:\Users\Eren\.m2\repository\com\google\code\gson\gson\2.8.6\gson-2.8.6.jar;C:\Users\Eren\.m2\repository\org\apache\httpcomponents\client5\httpclient5\5.0.1\httpclient5-5.0.1.jar;C:\Users\Eren\.m2\repository\org\apache\httpcomponents\core5\httpcore5\5.0.1\httpcore5-5.0.1.jar;C:\Users\Eren\.m2\repository\org\apache\httpcomponents\core5\httpcore5-h2\5.0.1\httpcore5-h2-5.0.1.jar;C:\Users\Eren\.m2\repository\commons-codec\commons-codec\1.13\commons-codec-1.13.jar;C:\Users\Eren\.m2\repository\org\rauschig\jarchivelib\1.0.0\jarchivelib-1.0.0.jar;C:\Users\Eren\.m2\repository\org\apache\commons\commons-compress\1.18\commons-compress-1.18.jar;C:\Users\Eren\.m2\repository\org\jsoup\jsoup\1.13.1\jsoup-1.13.1.jar;C:\Users\Eren\.m2\repository\io\cucumber\cucumber-java\5.7.0\cucumber-java-5.7.0.jar;C:\Users\Eren\.m2\repository\io\cucumber\cucumber-core\5.7.0\cucumber-core-5.7.0.jar;C:\Users\Eren\.m2\repository\io\cucumber\cucumber-gherkin\5.7.0\cucumber-gherkin-5.7.0.jar;C:\Users\Eren\.m2\repository\io\cucumber\cucumber-gherkin-vintage\5.7.0\cucumber-gherkin-vintage-5.7.0.jar;C:\Users\Eren\.m2\repository\io\cucumber\tag-expressions\2.0.4\tag-expressions-2.0.4.jar;C:\Users\Eren\.m2\repository\io\cucumber\cucumber-expressions\8.3.1\cucumber-expressions-8.3.1.jar;C:\Users\Eren\.m2\repository\io\cucumber\datatable\3.3.1\datatable-3.3.1.jar;C:\Users\Eren\.m2\repository\io\cucumber\cucumber-plugin\5.7.0\cucumber-plugin-5.7.0.jar;C:\Users\Eren\.m2\repository\io\cucumber\docstring\5.7.0\docstring-5.7.0.jar;C:\Users\Eren\.m2\repository\org\apiguardian\apiguardian-api\1.1.0\apiguardian-api-1.1.0.jar;C:\Users\Eren\.m2\repository\io\cucumber\cucumber-junit\5.7.0\cucumber-junit-5.7.0.jar;C:\Users\Eren\.m2\repository\junit\junit\4.13\junit-4.13.jar;C:\Users\Eren\.m2\repository\org\hamcrest\hamcrest-core\1.3\hamcrest-core-1.3.jar;"/>
    <property name="java.vm.vendor" value="Oracle Corporation"/>
    <property name="sun.arch.data.model" value="64"/>
    <property name="user.variant" value=""/>
    <property name="java.vendor.url" value="http://java.oracle.com/"/>
    <property name="user.timezone" value="Asia/Istanbul"/>
    <property name="java.vm.specification.version" value="1.8"/>
    <property name="os.name" value="Windows 10"/>
    <property name="user.country" value="US"/>
    <property name="sun.java.launcher" value="SUN_STANDARD"/>
    <property name="sun.boot.library.path" value="C:\Program Files\Java\jdk1.8.0_231\jre\bin"/>
    <property name="sun.java.command" value="C:\Users\Eren\AppData\Local\Temp\surefire2571672346596966515\surefirebooter4832106495790781116.jar C:\Users\Eren\AppData\Local\Temp\surefire2571672346596966515 2021-08-11T14-26-05_172-jvmRun1 surefire8375874723755937213tmp surefire_08897873214621360854tmp"/>
    <property name="surefire.test.class.path" value="C:\Users\Eren\IdeaProjects\EU3CucumberSelenium\target\test-classes;C:\Users\Eren\IdeaProjects\EU3CucumberSelenium\target\classes;C:\Users\Eren\.m2\repository\com\github\javafaker\javafaker\1.0.2\javafaker-1.0.2.jar;C:\Users\Eren\.m2\repository\org\apache\commons\commons-lang3\3.5\commons-lang3-3.5.jar;C:\Users\Eren\.m2\repository\org\yaml\snakeyaml\1.23\snakeyaml-1.23-android.jar;C:\Users\Eren\.m2\repository\com\github\mifmif\generex\1.0.2\generex-1.0.2.jar;C:\Users\Eren\.m2\repository\dk\brics\automaton\automaton\1.11-8\automaton-1.11-8.jar;C:\Users\Eren\.m2\repository\org\seleniumhq\selenium\selenium-java\3.141.59\selenium-java-3.141.59.jar;C:\Users\Eren\.m2\repository\org\seleniumhq\selenium\selenium-api\3.141.59\selenium-api-3.141.59.jar;C:\Users\Eren\.m2\repository\org\seleniumhq\selenium\selenium-chrome-driver\3.141.59\selenium-chrome-driver-3.141.59.jar;C:\Users\Eren\.m2\repository\org\seleniumhq\selenium\selenium-edge-driver\3.141.59\selenium-edge-driver-3.141.59.jar;C:\Users\Eren\.m2\repository\org\seleniumhq\selenium\selenium-firefox-driver\3.141.59\selenium-firefox-driver-3.141.59.jar;C:\Users\Eren\.m2\repository\org\seleniumhq\selenium\selenium-ie-driver\3.141.59\selenium-ie-driver-3.141.59.jar;C:\Users\Eren\.m2\repository\org\seleniumhq\selenium\selenium-opera-driver\3.141.59\selenium-opera-driver-3.141.59.jar;C:\Users\Eren\.m2\repository\org\seleniumhq\selenium\selenium-remote-driver\3.141.59\selenium-remote-driver-3.141.59.jar;C:\Users\Eren\.m2\repository\org\seleniumhq\selenium\selenium-safari-driver\3.141.59\selenium-safari-driver-3.141.59.jar;C:\Users\Eren\.m2\repository\org\seleniumhq\selenium\selenium-support\3.141.59\selenium-support-3.141.59.jar;C:\Users\Eren\.m2\repository\net\bytebuddy\byte-buddy\1.8.15\byte-buddy-1.8.15.jar;C:\Users\Eren\.m2\repository\org\apache\commons\commons-exec\1.3\commons-exec-1.3.jar;C:\Users\Eren\.m2\repository\com\google\guava\guava\25.0-jre\guava-25.0-jre.jar;C:\Users\Eren\.m2\repository\com\google\code\findbugs\jsr305\1.3.9\jsr305-1.3.9.jar;C:\Users\Eren\.m2\repository\org\checkerframework\checker-compat-qual\2.0.0\checker-compat-qual-2.0.0.jar;C:\Users\Eren\.m2\repository\com\google\errorprone\error_prone_annotations\2.1.3\error_prone_annotations-2.1.3.jar;C:\Users\Eren\.m2\repository\com\google\j2objc\j2objc-annotations\1.1\j2objc-annotations-1.1.jar;C:\Users\Eren\.m2\repository\org\codehaus\mojo\animal-sniffer-annotations\1.14\animal-sniffer-annotations-1.14.jar;C:\Users\Eren\.m2\repository\com\squareup\okhttp3\okhttp\3.11.0\okhttp-3.11.0.jar;C:\Users\Eren\.m2\repository\com\squareup\okio\okio\1.14.0\okio-1.14.0.jar;C:\Users\Eren\.m2\repository\io\github\bonigarcia\webdrivermanager\4.1.0\webdrivermanager-4.1.0.jar;C:\Users\Eren\.m2\repository\org\slf4j\slf4j-api\1.7.30\slf4j-api-1.7.30.jar;C:\Users\Eren\.m2\repository\commons-io\commons-io\2.7\commons-io-2.7.jar;C:\Users\Eren\.m2\repository\com\google\code\gson\gson\2.8.6\gson-2.8.6.jar;C:\Users\Eren\.m2\repository\org\apache\httpcomponents\client5\httpclient5\5.0.1\httpclient5-5.0.1.jar;C:\Users\Eren\.m2\repository\org\apache\httpcomponents\core5\httpcore5\5.0.1\httpcore5-5.0.1.jar;C:\Users\Eren\.m2\repository\org\apache\httpcomponents\core5\httpcore5-h2\5.0.1\httpcore5-h2-5.0.1.jar;C:\Users\Eren\.m2\repository\commons-codec\commons-codec\1.13\commons-codec-1.13.jar;C:\Users\Eren\.m2\repository\org\rauschig\jarchivelib\1.0.0\jarchivelib-1.0.0.jar;C:\Users\Eren\.m2\repository\org\apache\commons\commons-compress\1.18\commons-compress-1.18.jar;C:\Users\Eren\.m2\repository\org\jsoup\jsoup\1.13.1\jsoup-1.13.1.jar;C:\Users\Eren\.m2\repository\io\cucumber\cucumber-java\5.7.0\cucumber-java-5.7.0.jar;C:\Users\Eren\.m2\repository\io\cucumber\cucumber-core\5.7.0\cucumber-core-5.7.0.jar;C:\Users\Eren\.m2\repository\io\cucumber\cucumber-gherkin\5.7.0\cucumber-gherkin-5.7.0.jar;C:\Users\Eren\.m2\repository\io\cucumber\cucumber-gherkin-vintage\5.7.0\cucumber-gherkin-vintage-5.7.0.jar;C:\Users\Eren\.m2\repository\io\cucumber\tag-expressions\2.0.4\tag-expressions-2.0.4.jar;C:\Users\Eren\.m2\repository\io\cucumber\cucumber-expressions\8.3.1\cucumber-expressions-8.3.1.jar;C:\Users\Eren\.m2\repository\io\cucumber\datatable\3.3.1\datatable-3.3.1.jar;C:\Users\Eren\.m2\repository\io\cucumber\cucumber-plugin\5.7.0\cucumber-plugin-5.7.0.jar;C:\Users\Eren\.m2\repository\io\cucumber\docstring\5.7.0\docstring-5.7.0.jar;C:\Users\Eren\.m2\repository\org\apiguardian\apiguardian-api\1.1.0\apiguardian-api-1.1.0.jar;C:\Users\Eren\.m2\repository\io\cucumber\cucumber-junit\5.7.0\cucumber-junit-5.7.0.jar;C:\Users\Eren\.m2\repository\junit\junit\4.13\junit-4.13.jar;C:\Users\Eren\.m2\repository\org\hamcrest\hamcrest-core\1.3\hamcrest-core-1.3.jar;"/>
    <property name="sun.cpu.endian" value="little"/>
    <property name="user.home" value="C:\Users\Eren"/>
    <property name="user.language" value="en"/>
    <property name="java.specification.vendor" value="Oracle Corporation"/>
    <property name="java.home" value="C:\Program Files\Java\jdk1.8.0_231\jre"/>
    <property name="basedir" value="C:\Users\Eren\IdeaProjects\EU3CucumberSelenium"/>
    <property name="file.separator" value="\"/>
    <property name="line.separator" value="&#10;"/>
    <property name="java.vm.specification.vendor" value="Oracle Corporation"/>
    <property name="java.specification.name" value="Java Platform API Specification"/>
    <property name="java.awt.graphicsenv" value="sun.awt.Win32GraphicsEnvironment"/>
    <property name="surefire.real.class.path" value="C:\Users\Eren\AppData\Local\Temp\surefire2571672346596966515\surefirebooter4832106495790781116.jar"/>
    <property name="sun.boot.class.path" value="C:\Program Files\Java\jdk1.8.0_231\jre\lib\resources.jar;C:\Program Files\Java\jdk1.8.0_231\jre\lib\rt.jar;C:\Program Files\Java\jdk1.8.0_231\jre\lib\sunrsasign.jar;C:\Program Files\Java\jdk1.8.0_231\jre\lib\jsse.jar;C:\Program Files\Java\jdk1.8.0_231\jre\lib\jce.jar;C:\Program Files\Java\jdk1.8.0_231\jre\lib\charsets.jar;C:\Program Files\Java\jdk1.8.0_231\jre\lib\jfr.jar;C:\Program Files\Java\jdk1.8.0_231\jre\classes"/>
    <property name="user.script" value=""/>
    <property name="sun.management.compiler" value="HotSpot 64-Bit Tiered Compilers"/>
    <property name="java.runtime.version" value="1.8.0_231-b11"/>
    <property name="user.name" value="Eren"/>
    <property name="path.separator" value=";"/>
    <property name="os.version" value="10.0"/>
    <property name="java.endorsed.dirs" value="C:\Program Files\Java\jdk1.8.0_231\jre\lib\endorsed"/>
    <property name="java.runtime.name" value="Java(TM) SE Runtime Environment"/>
    <property name="file.encoding" value="Cp1254"/>
    <property name="browser" value="firefox"/>
    <property name="java.vm.name" value="Java HotSpot(TM) 64-Bit Server VM"/>
    <property name="localRepository" value="C:\Users\Eren\.m2\repository"/>
    <property name="java.vendor.url.bug" value="http://bugreport.sun.com/bugreport/"/>
    <property name="java.io.tmpdir" value="C:\Users\Eren\AppData\Local\Temp\"/>
    <property name="java.version" value="1.8.0_231"/>
    <property name="user.dir" value="C:\Users\Eren\IdeaProjects\EU3CucumberSelenium"/>
    <property name="os.arch" value="amd64"/>
    <property name="webdriver.gecko.driver" value="C:\Users\Eren\.m2\repository\webdriver\geckodriver\win64\0.29.0\geckodriver.exe"/>
    <property name="java.vm.specification.name" value="Java Virtual Machine Specification"/>
    <property name="java.awt.printerjob" value="sun.awt.windows.WPrinterJob"/>
    <property name="sun.os.patch.level" value=""/>
    <property name="java.library.path" value="C:\Program Files\Java\jdk1.8.0_231\jre\bin;C:\Windows\Sun\Java\bin;C:\Windows\system32;C:\Windows;C:\Program Files (x86)\Common Files\Oracle\Java\javapath;C:\Windows\system32;C:\Windows;C:\Windows\System32\Wbem;C:\Windows\System32\WindowsPowerShell\v1.0\;C:\Windows\System32\OpenSSH\;C:\Program Files (x86)\dotnet\;C:\Program Files\dotnet\;C:\Program Files\Java\jdk1.8.0_231\bin;C:\Program Files (x86)\Git\cmd;C:\Program Files\apache-maven-3.8.1-bin\apache-maven-3.8.1\bin;C:\Users\Eren\AppData\Local\Microsoft\WindowsApps;C:\Program Files\Java\jdk1.8.0_231\bin;C:\Users\Eren\AppData\Local\GitHubDesktop\bin;."/>
    <property name="java.vm.info" value="mixed mode"/>
    <property name="java.vendor" value="Oracle Corporation"/>
    <property name="java.vm.version" value="25.231-b11"/>
    <property name="java.ext.dirs" value="C:\Program Files\Java\jdk1.8.0_231\jre\lib\ext;C:\Windows\Sun\Java\lib\ext"/>
    <property name="sun.io.unicode.encoding" value="UnicodeLittle"/>
    <property name="java.class.version" value="52.0"/>
  </properties>
  <testcase name="Login as a driver" classname="Users should be able to login" time="44.568">
    <failure message="expected:&lt;[Dashboard]&gt; but was:&lt;[Loading...]&gt;" type="org.junit.ComparisonFailure"><![CDATA[org.junit.ComparisonFailure: expected:<[Dashboard]> but was:<[Loading...]>
]]></failure>
    <system-out><![CDATA[Aug 11, 2021 2:26:07 PM io.cucumber.junit.Cucumber <init>
WARNING: By default Cucumber is running in --non-strict mode.
This default will change to --strict and --non-strict will be removed.
You can use --strict or @CucumberOptions(strict = true) to suppress this warning

&amp#27;[31mFailed scenarios:&amp#27;[0m
&amp#27;[31mfile:///C:/Users/Eren/IdeaProjects/EU3CucumberSelenium/src/test/resources/features/login.feature:7&amp#27;[0m# Login as a driver
&amp#27;[31mfile:///C:/Users/Eren/IdeaProjects/EU3CucumberSelenium/src/test/resources/features/AccountTypes.feature:3&amp#27;[0m# Driver user
&amp#27;[31mfile:///C:/Users/Eren/IdeaProjects/EU3CucumberSelenium/src/test/resources/features/Contacts.feature:3&amp#27;[0m# Default page number

3 Scenarios (&amp#27;[31m3 failed&amp#27;[0m)
10 Steps (&amp#27;[31m3 failed&amp#27;[0m, &amp#27;[32m7 passed&amp#27;[0m)
1m1.102s


org.junit.ComparisonFailure: expected:<[Dashboard]> but was:<[Loading...]>
	at org.junit.Assert.assertEquals(Assert.java:117)
	at org.junit.Assert.assertEquals(Assert.java:146)
	at com.vytrack.step_definitions.LoginStepDefs.the_user_should_be_able_to_login(LoginStepDefs.java:35)
	at ?.the user should be able to login(file:///C:/Users/Eren/IdeaProjects/EU3CucumberSelenium/src/test/resources/features/login.feature:9)

java.lang.AssertionError
	at org.junit.Assert.fail(Assert.java:87)
	at org.junit.Assert.assertTrue(Assert.java:42)
	at org.junit.Assert.assertTrue(Assert.java:53)
	at com.vytrack.step_definitions.LoginStepDefs.the_title_contains(LoginStepDefs.java:63)
	at ?.the title contains "Calendar Events - Activities"(file:///C:/Users/Eren/IdeaProjects/EU3CucumberSelenium/src/test/resources/features/AccountTypes.feature:6)

org.openqa.selenium.NoSuchElementException: Unable to locate element: .input-widget
For documentation on this error, please visit: https://www.seleniumhq.org/exceptions/no_such_element.html
Build info: version: '3.141.59', revision: 'e82be7d358', time: '2018-11-14T08:17:03'
System info: host: 'DESKTOP-G90N9B6', ip: '192.168.1.33', os.name: 'Windows 10', os.arch: 'amd64', os.version: '10.0', java.version: '1.8.0_231'
Driver info: org.openqa.selenium.firefox.FirefoxDriver
Capabilities {acceptInsecureCerts: true, browserName: firefox, browserVersion: 89.0.1, javascriptEnabled: true, moz:accessibilityChecks: false, moz:buildID: 20210614221319, moz:geckodriverVersion: 0.29.0, moz:headless: false, moz:processID: 11084, moz:profile: C:\Users\Eren\AppData\Local..., moz:shutdownTimeout: 60000, moz:useNonSpecCompliantPointerOrigin: false, moz:webdriverClick: true, pageLoadStrategy: normal, platform: WINDOWS, platformName: WINDOWS, platformVersion: 10.0, setWindowRect: true, strictFileInteractability: false, timeouts: {implicit: 0, pageLoad: 300000, script: 30000}, unhandledPromptBehavior: dismiss and notify}
Session ID: e5d44464-cbe5-476f-bdf0-5673e53fedb3
*** Element info: {Using=css selector, value=.input-widget}
	at sun.reflect.NativeConstructorAccessorImpl.newInstance0(Native Method)
	at sun.reflect.NativeConstructorAccessorImpl.newInstance(NativeConstructorAccessorImpl.java:62)
	at sun.reflect.DelegatingConstructorAccessorImpl.newInstance(DelegatingConstructorAccessorImpl.java:45)
	at java.lang.reflect.Constructor.newInstance(Constructor.java:423)
	at org.openqa.selenium.remote.http.W3CHttpResponseCodec.createException(W3CHttpResponseCodec.java:187)
	at org.openqa.selenium.remote.http.W3CHttpResponseCodec.decode(W3CHttpResponseCodec.java:122)
	at org.openqa.selenium.remote.http.W3CHttpResponseCodec.decode(W3CHttpResponseCodec.java:49)
	at org.openqa.selenium.remote.HttpCommandExecutor.execute(HttpCommandExecutor.java:158)
	at org.openqa.selenium.remote.service.DriverCommandExecutor.execute(DriverCommandExecutor.java:83)
	at org.openqa.selenium.remote.RemoteWebDriver.execute(RemoteWebDriver.java:552)
	at org.openqa.selenium.remote.RemoteWebDriver.findElement(RemoteWebDriver.java:323)
	at org.openqa.selenium.remote.RemoteWebDriver.findElementByCssSelector(RemoteWebDriver.java:420)
	at org.openqa.selenium.By$ByCssSelector.findElement(By.java:431)
	at org.openqa.selenium.remote.RemoteWebDriver.findElement(RemoteWebDriver.java:315)
	at org.openqa.selenium.support.pagefactory.DefaultElementLocator.findElement(DefaultElementLocator.java:69)
	at org.openqa.selenium.support.pagefactory.internal.LocatingElementHandler.invoke(LocatingElementHandler.java:38)
	at com.sun.proxy.$Proxy17.getAttribute(Unknown Source)
	at com.vytrack.step_definitions.navigationMenuStepDefs.default_page_number_should_be(navigationMenuStepDefs.java:52)
	at ?.default page number should be 1(file:///C:/Users/Eren/IdeaProjects/EU3CucumberSelenium/src/test/resources/features/Contacts.feature:7)


this is coming from BEFORE
]]></system-out>
    <system-err><![CDATA[1628681172053	geckodriver	INFO	Listening on 127.0.0.1:19662
1628681173235	mozrunner::runner	INFO	Running command: "C:\\Program Files\\Mozilla Firefox\\firefox.exe" "--marionette" "-foreground" "-no-remote" "-profile" "C:\\Users\\Eren\\AppData\\Local\\Temp\\rust_mozprofiletk6WYV"
1628681175959	Marionette	INFO	Marionette enabled
console.warn: SearchSettings: "get: No settings file exists, new profile?" (new NotFoundError("Could not open the file at C:\\Users\\Eren\\AppData\\Local\\Temp\\rust_mozprofiletk6WYV\\search.json.mozlz4", (void 0)))
1628681192397	Marionette	INFO	Listening on port 65155
1628681192803	Marionette	WARN	TLS certificate errors will be ignored for this session
Aug 11, 2021 2:26:33 PM org.openqa.selenium.remote.ProtocolHandshake createSession
INFO: Detected dialect: W3C
1628681203669	Marionette	INFO	Stopped listening on port 65155
JavaScript error: https://qa1.vytrack.com/bundles/npmassets/requirejs/require.js?version=e723d063, line 168: Error: Script error for "oroui/js/extend/bootstrap/bootstrap-popover", needed by: oroui/js/extend/bootstrap
http://requirejs.org/docs/errors.html#scripterror
JavaScript error: https://qa1.vytrack.com/bundles/npmassets/requirejs/require.js?version=e723d063, line 168: Error: Script error for "oroui/js/extend/bootstrap/bootstrap-scrollspy", needed by: oroui/js/extend/bootstrap
http://requirejs.org/docs/errors.html#scripterror
JavaScript error: https://qa1.vytrack.com/bundles/npmassets/requirejs/require.js?version=e723d063, line 168: Error: Script error for "oroui/js/extend/bootstrap/bootstrap-tooltip", needed by: oroui/js/extend/bootstrap
http://requirejs.org/docs/errors.html#scripterror
JavaScript error: https://qa1.vytrack.com/bundles/npmassets/requirejs/require.js?version=e723d063, line 168: Error: Script error for "oroui/js/extend/bootstrap/bootstrap-typeahead", needed by: oroui/js/extend/bootstrap
http://requirejs.org/docs/errors.html#scripterror
JavaScript error: https://qa1.vytrack.com/bundles/npmassets/requirejs/require.js?version=e723d063, line 168: Error: Script error for "cryptojs/core", needed by: cryptojs/sha256
http://requirejs.org/docs/errors.html#scripterror
JavaScript error: https://qa1.vytrack.com/bundles/npmassets/requirejs/require.js?version=e723d063, line 168: Error: Script error for "orolocale/js/moment-l10n", needed by: oroui/js/jquery-ui-datepicker-l10n
http://requirejs.org/docs/errors.html#scripterror
JavaScript error: https://qa1.vytrack.com/bundles/npmassets/requirejs/require.js?version=e723d063, line 168: Error: Script error for "oroui/js/extend/jquery-ui", needed by: oroui/js/jquery-ui-datepicker-l10n
http://requirejs.org/docs/errors.html#scripterror
JavaScript error: https://qa1.vytrack.com/bundles/npmassets/requirejs/require.js?version=e723d063, line 168: Error: Script error for "oroui/js/app/views/base/view", needed by: oroui/js/app/controllers/base/controller, oroui/js/app/views/page-view
http://requirejs.org/docs/errors.html#scripterror
JavaScript error: https://qa1.vytrack.com/bundles/npmassets/requirejs/require.js?version=e723d063, line 168: Error: Script error for "oroui/js/widget/abstract-widget", needed by: oro/dialog-widget
http://requirejs.org/docs/errors.html#scripterror
JavaScript error: https://qa1.vytrack.com/bundles/npmassets/requirejs/require.js?version=e723d063, line 168: Error: Script error for "orowindows/js/widget/dialog-manager", needed by: oro/dialog-widget
http://requirejs.org/docs/errors.html#scripterror
JavaScript error: https://qa1.vytrack.com/bundles/npmassets/requirejs/require.js?version=e723d063, line 168: Error: Script error for "oroui/js/app/components/component-manager", needed by: oroui/js/app/components/base/component-container-mixin
http://requirejs.org/docs/errors.html#scripterror
JavaScript error: https://qa1.vytrack.com/bundles/npmassets/requirejs/require.js?version=e723d063, line 168: Error: Script error for "bootstrap", needed by: oroui/js/extend/bootstrap/bootstrap-dropdown, oroui/js/extend/bootstrap/bootstrap-modal
http://requirejs.org/docs/errors.html#scripterror
JavaScript error: https://qa1.vytrack.com/bundles/npmassets/requirejs/require.js?version=e723d063, line 168: Error: Script error for "lightgallery", needed by: oroui/js/app/modules/init-lightgallery
http://requirejs.org/docs/errors.html#scripterror
JavaScript error: https://qa1.vytrack.com/bundles/npmassets/requirejs/require.js?version=e723d063, line 168: Error: Script error for "jquery.uniform", needed by: oroui/js/app/views/input-widget/uniform-select, oroui/js/app/views/input-widget/uniform-file
http://requirejs.org/docs/errors.html#scripterror
JavaScript error: https://qa1.vytrack.com/bundles/npmassets/requirejs/require.js?version=e723d063, line 168: Error: Script error for "requirejs-asap-init"
http://requirejs.org/docs/errors.html#scripterror
JavaScript error: https://qa1.vytrack.com/bundles/npmassets/requirejs/require.js?version=e723d063, line 168: Error: Script error for "oroui/js/responsive-jquery-widget", needed by: oroui/js/layout
http://requirejs.org/docs/errors.html#scripterror
JavaScript error: https://qa1.vytrack.com/bundles/npmassets/requirejs/require.js?version=e723d063, line 168: Error: Script error for "oroui/js/tools/form-to-ajax-options", needed by: oroui/js/app/views/page-view
http://requirejs.org/docs/errors.html#scripterror
JavaScript error: https://qa1.vytrack.com/bundles/npmassets/requirejs/require.js?version=e723d063, line 168: Error: Script error for "oroui/js/app/views/input-widget/abstract", needed by: oroui/js/input-widget-manager, oroui/js/app/views/input-widget/uniform-select, oroui/js/app/views/input-widget/uniform-file, oroui/js/app/views/input-widget/select2, oroui/js/app/views/input-widget/number
http://requirejs.org/docs/errors.html#scripterror
JavaScript error: https://qa1.vytrack.com/bundles/npmassets/requirejs/require.js?version=e723d063, line 168: Error: Script error for "oroui/js/tools/scroll-helper", needed by: oroui/js/layout, oroui/js/extend/bootstrap/bootstrap-dropdown
http://requirejs.org/docs/errors.html#scripterror
JavaScript error: https://qa1.vytrack.com/bundles/npmassets/requirejs/require.js?version=e723d063, line 168: Error: Script error for "oroui/js/app/views/jstree/abstract-action-view", needed by: oroui/js/app/views/jstree/expand-action-view, oroui/js/app/views/jstree/collapse-action-view, oroui/js/app/views/jstree/move-action-view
http://requirejs.org/docs/errors.html#scripterror
JavaScript error: https://qa1.vytrack.com/bundles/npmassets/requirejs/require.js?version=e723d063, line 168: Error: Script error for "oroui/js/extend/select2", needed by: oroui/js/app/views/input-widget/select2
http://requirejs.org/docs/errors.html#scripterror
JavaScript error: https://qa1.vytrack.com/bundles/npmassets/requirejs/require.js?version=e723d063, line 168: Error: Script error for "oro/routes", needed by: ororeminder/js/reminder-handler, oroui/js/error, oroui/js/app/views/jstree/move-action-view
http://requirejs.org/docs/errors.html#scripterror
JavaScript error: https://qa1.vytrack.com/bundles/npmassets/requirejs/require.js?version=e723d063, line 168: Error: Script error for "json", needed by: orotranslation/js/translator
http://requirejs.org/docs/errors.html#scripterror
JavaScript error: https://qa1.vytrack.com/bundles/npmassets/requirejs/require.js?version=e723d063, line 168: Error: Script error for "oroentity/js/entity-error", needed by: oroentity/js/app/services/entity-structure-data-provider
http://requirejs.org/docs/errors.html#scripterror
JavaScript error: https://qa1.vytrack.com/bundles/npmassets/requirejs/require.js?version=e723d063, line 168: Error: Script error for "oroentity/js/app/services/entity-structure-error-handler", needed by: oroentity/js/app/services/entity-structure-data-provider
http://requirejs.org/docs/errors.html#scripterror
JavaScript error: https://qa1.vytrack.com/bundles/npmassets/requirejs/require.js?version=e723d063, line 168: Error: Script error for "oroui/js/app/services/registry", needed by: oroentity/js/app/services/entity-structure-data-provider
http://requirejs.org/docs/errors.html#scripterror
]]></system-err>
  </testcase>
</testsuite>